-------------------------------------------------------------------------------
Test set: vn.edu.vtc.bl.DrinkBLTest
-------------------------------------------------------------------------------
Tests run: 3, Failures: 1, Errors: 0, Skipped: 0, Time elapsed: 0.776 s <<< FAILURE! - in vn.edu.vtc.bl.DrinkBLTest
insertDrinkTest1(vn.edu.vtc.bl.DrinkBLTest)  Time elapsed: 0.064 s  <<< FAILURE!
java.lang.AssertionError
	at vn.edu.vtc.bl.DrinkBLTest.insertDrinkTest1(DrinkBLTest.java:31)

